01/08/2021 19:57:40 - Laser lado direito:  iniciado
01/08/2021 19:57:40 - Laser lado direito: Sem buffer/cache para enviar do sensor #BTP01ESQ
01/08/2021 19:57:41 - Laser lado direito: Porta COM3 não encontrada!
01/08/2021 19:58:10 - Laser lado direito:  encerrado com sucesso
01/08/2021 20:25:58 - Laser lado direito:  iniciado
01/08/2021 20:25:58 - Laser lado direito: Sem buffer/cache para enviar do sensor #BTP01ESQ
01/08/2021 20:25:59 - Laser lado direito: Porta COM3 não encontrada!
01/08/2021 20:26:22 - Laser lado direito:  encerrado com sucesso
01/08/2021 20:27:02 - Laser lado direito:  iniciado
01/08/2021 20:27:02 - Laser lado direito: Sem buffer/cache para enviar do sensor #BTP01ESQ
01/08/2021 20:27:03 - Laser lado direito: Porta COM3 não encontrada!
01/08/2021 20:55:12 - Laser lado direito:  iniciado
01/08/2021 20:55:13 - Laser lado direito: Sem buffer/cache para enviar do sensor #BTP01ESQ
01/08/2021 20:55:14 - Laser lado direito: Porta COM3 não encontrada!
01/08/2021 21:00:37 - Laser lado direito:  iniciado
01/08/2021 21:00:37 - Laser lado direito: Sem buffer/cache para enviar do sensor #BTP01ESQ
01/08/2021 21:00:38 - Laser lado direito: Porta COM3 não encontrada!
01/08/2021 21:05:23 - Laser lado direito:  iniciado
01/08/2021 21:05:23 - Laser lado direito: Sem buffer/cache para enviar do sensor #BTP01ESQ
01/08/2021 21:05:24 - Laser lado direito: Porta COM3 não encontrada!
01/08/2021 21:08:50 - Laser lado direito:  iniciado
01/08/2021 21:08:50 - Laser lado direito: Sem buffer/cache para enviar do sensor #BTP01ESQ
01/08/2021 21:08:51 - Laser lado direito: Porta COM3 não encontrada!
01/08/2021 21:09:18 - Laser lado direito:  iniciado
01/08/2021 21:09:18 - Laser lado direito: Sem buffer/cache para enviar do sensor #BTP01ESQ
01/08/2021 21:09:19 - Laser lado direito: Porta COM3 não encontrada!
01/08/2021 21:10:14 - Laser lado direito:  iniciado
01/08/2021 21:10:14 - Laser lado direito: Sem buffer/cache para enviar do sensor #BTP01ESQ
01/08/2021 21:10:15 - Laser lado direito: Porta COM3 não encontrada!
01/08/2021 21:12:17 - Laser lado direito:  iniciado
01/08/2021 21:12:17 - Laser lado direito: Sem buffer/cache para enviar do sensor #BTP01ESQ
01/08/2021 21:12:18 - Laser lado direito: Porta COM3 não encontrada!
01/08/2021 21:21:55 - Laser lado direito: Porta COM3 aberta com sucesso!
01/08/2021 21:21:55 - Laser lado direito: Porta COM3 aberta com sucesso!
01/08/2021 21:21:55 - Laser lado direito: Porta COM3 aberta com sucesso!
01/08/2021 21:21:55 - Laser lado direito: Porta COM3 aberta com sucesso!
01/08/2021 21:21:55 - Laser lado direito: Porta COM3 aberta com sucesso!
01/08/2021 21:21:55 - Laser lado direito: Porta COM3 aberta com sucesso!
01/08/2021 21:21:55 - Laser lado direito: Porta COM3 aberta com sucesso!
01/08/2021 21:21:56 - Laser lado direito: Porta COM3 aberta com sucesso!
01/08/2021 21:23:25 - Laser lado direito:  encerrado com sucesso
01/08/2021 21:25:01 - Laser lado direito:  iniciado
01/08/2021 21:25:02 - Laser lado direito: Sem buffer/cache para enviar do sensor #BTP01ESQ
01/08/2021 21:25:03 - Laser lado direito: Porta COM3 aberta com sucesso!
01/08/2021 21:26:47 - Laser lado direito:  encerrado com sucesso
01/08/2021 21:35:36 - Laser lado direito:  iniciado
01/08/2021 21:35:36 - Laser lado direito: Sem buffer/cache para enviar do sensor #BTP01ESQ
01/08/2021 21:35:37 - Laser lado direito: Porta COM3 aberta com sucesso!
01/08/2021 21:37:00 - Laser lado direito:  iniciado
01/08/2021 21:37:01 - Laser lado direito: Sem buffer/cache para enviar do sensor #BTP01ESQ
01/08/2021 21:37:03 - Laser lado direito: Porta COM3 aberta com sucesso!
01/08/2021 21:37:51 - Laser lado direito:  iniciado
01/08/2021 21:37:51 - Laser lado direito: Sem buffer/cache para enviar do sensor #BTP01ESQ
01/08/2021 21:37:53 - Laser lado direito: Porta COM3 aberta com sucesso!
01/08/2021 21:39:15 - Laser lado direito:  iniciado
01/08/2021 21:39:15 - Laser lado direito: Sem buffer/cache para enviar do sensor #BTP01ESQ
01/08/2021 21:39:17 - Laser lado direito: Porta COM3 aberta com sucesso!
01/08/2021 21:42:25 - Laser lado direito:  encerrado com sucesso
01/08/2021 21:42:47 - Laser lado direito:  iniciado
01/08/2021 21:42:47 - Laser lado direito: Sem buffer/cache para enviar do sensor #BTP01ESQ
01/08/2021 21:42:48 - Laser lado direito: Porta COM3 não encontrada!
