03/06/2021 16:36:51 - Laser lado direito:  iniciado
03/06/2021 16:36:52 - Laser lado direito: Sem buffer/cache para enviar do sensor #BTP01ESQ
03/06/2021 16:36:53 - Laser lado direito: Porta COM3 aberta com sucesso!
03/06/2021 16:39:24 - Laser lado direito:  iniciado
03/06/2021 16:39:25 - Laser lado direito: Sem buffer/cache para enviar do sensor #BTP01ESQ
03/06/2021 16:39:25 - Laser lado direito: Porta COM3 aberta com sucesso!
03/06/2021 16:39:44 - Laser lado direito:  encerrado com sucesso
03/06/2021 16:51:38 - Laser lado direito:  iniciado
03/06/2021 16:51:39 - Laser lado direito: Sem buffer/cache para enviar do sensor #BTP01ESQ
03/06/2021 16:51:40 - Laser lado direito: Porta COM3 aberta com sucesso!
03/06/2021 16:54:32 - Laser lado direito:  iniciado
03/06/2021 16:54:33 - Laser lado direito: Sem buffer/cache para enviar do sensor #BTP01ESQ
03/06/2021 16:54:33 - Laser lado direito: Porta COM3 aberta com sucesso!
03/06/2021 16:58:43 - Laser lado direito: Porta COM3 não encontrada!
03/06/2021 16:59:01 - Laser lado direito: Porta COM3 aberta com sucesso!
03/06/2021 16:59:48 - Laser lado direito:  encerrado com sucesso
03/06/2021 17:25:14 - Laser lado direito:  iniciado
03/06/2021 17:25:14 - Laser lado direito: Sem buffer/cache para enviar do sensor #BTP01ESQ
03/06/2021 17:25:16 - Laser lado direito: Porta COM3 aberta com sucesso!
03/06/2021 17:25:38 - Laser lado direito:  encerrado com sucesso
