09/05/2021 20:52:42 - Laser lado direito:  iniciado
09/05/2021 20:52:42 - Laser lado direito: Sem buffer/cache para enviar do sensor #AB2021DIR
09/05/2021 20:52:42 - Laser lado direito: Porta COM6 não encontrada!
09/05/2021 20:52:44 - Laser lado esquerdo:  iniciado
09/05/2021 20:52:44 - Laser lado esquerdo: Sem buffer/cache para enviar do sensor #AB2021ESQ
09/05/2021 20:52:44 - Laser lado esquerdo: Porta COM7 não encontrada!
09/05/2021 20:53:14 - Laser lado direito:  encerrado com sucesso
09/05/2021 20:53:16 - Laser lado esquerdo:  encerrado com sucesso
09/05/2021 21:14:14 - Laser lado direito:  iniciado
09/05/2021 21:14:15 - Laser lado direito: Sem buffer/cache para enviar do sensor #AB2021DIR
09/05/2021 21:14:15 - Laser lado direito: Porta COM3 aberta com sucesso!
09/05/2021 21:14:19 - Laser lado esquerdo:  iniciado
09/05/2021 21:14:19 - Laser lado esquerdo: Sem buffer/cache para enviar do sensor #AB2021ESQ
09/05/2021 21:14:19 - Laser lado esquerdo: Porta COM5 aberta com sucesso!
09/05/2021 21:17:33 - Laser lado direito:  encerrado com sucesso
09/05/2021 21:17:37 - Laser lado esquerdo:  encerrado com sucesso
10/05/2021 12:40:42 - Laser lado direito:  iniciado
10/05/2021 12:40:42 - Laser lado direito: Sem buffer/cache para enviar do sensor #AB2021DIR
10/05/2021 12:40:42 - Laser lado direito: Porta COM3 aberta com sucesso!
10/05/2021 12:40:44 - Laser lado esquerdo:  iniciado
10/05/2021 12:40:44 - Laser lado esquerdo: Sem buffer/cache para enviar do sensor #AB2021ESQ
10/05/2021 12:40:44 - Laser lado esquerdo: Porta COM4 aberta com sucesso!
10/05/2021 12:42:11 - Laser lado direito:  encerrado com sucesso
10/05/2021 12:42:17 - Laser lado esquerdo:  encerrado com sucesso
10/05/2021 12:52:17 - Laser lado direito:  iniciado
10/05/2021 12:52:17 - Laser lado direito: Sem buffer/cache para enviar do sensor #AB2021DIR
10/05/2021 12:52:17 - Laser lado direito: Porta COM3 aberta com sucesso!
10/05/2021 12:52:20 - Laser lado esquerdo:  iniciado
10/05/2021 12:52:20 - Laser lado esquerdo: Sem buffer/cache para enviar do sensor #AB2021ESQ
10/05/2021 12:52:20 - Laser lado esquerdo: Porta COM4 aberta com sucesso!
10/05/2021 12:54:06 - Laser lado esquerdo:  encerrado com sucesso
10/05/2021 12:54:48 - Laser lado esquerdo:  iniciado
10/05/2021 12:54:48 - Laser lado esquerdo: Sem buffer/cache para enviar do sensor #AB2021ESQ
10/05/2021 12:54:48 - Laser lado esquerdo: Porta COM4 aberta com sucesso!
10/05/2021 12:56:20 - Laser lado esquerdo:  encerrado com sucesso
10/05/2021 12:56:22 - Laser lado direito:  encerrado com sucesso
10/05/2021 18:42:45 - Laser lado direito:  iniciado
10/05/2021 18:42:45 - Laser lado direito: Sem buffer/cache para enviar do sensor #AB2021DIR
10/05/2021 18:42:45 - Laser lado direito: Porta COM3 aberta com sucesso!
10/05/2021 18:42:46 - Laser lado esquerdo:  iniciado
10/05/2021 18:42:46 - Laser lado esquerdo: Sem buffer/cache para enviar do sensor #AB2021ESQ
10/05/2021 18:42:46 - Laser lado esquerdo: Porta COM4 aberta com sucesso!
10/05/2021 18:43:08 - Laser lado direito:  encerrado com sucesso
10/05/2021 18:43:09 - Laser lado esquerdo:  encerrado com sucesso
10/05/2021 18:48:21 - Laser lado direito:  iniciado
10/05/2021 18:48:21 - Laser lado direito: Sem buffer/cache para enviar do sensor #AB2021DIR
10/05/2021 18:48:21 - Laser lado direito: Porta COM3 aberta com sucesso!
10/05/2021 18:48:21 - Laser lado esquerdo:  iniciado
10/05/2021 18:48:21 - Laser lado esquerdo: Sem buffer/cache para enviar do sensor #AB2021ESQ
10/05/2021 18:48:21 - Laser lado esquerdo: Porta COM4 aberta com sucesso!
10/05/2021 18:57:26 - Laser lado direito:  encerrado com sucesso
10/05/2021 18:57:28 - Laser lado esquerdo:  encerrado com sucesso
10/05/2021 18:58:55 - Laser lado direito:  iniciado
10/05/2021 18:58:55 - Laser lado direito: Sem buffer/cache para enviar do sensor #AB2021DIR
10/05/2021 18:58:55 - Laser lado direito: Porta COM3 aberta com sucesso!
10/05/2021 18:58:56 - Laser lado esquerdo:  iniciado
10/05/2021 18:58:56 - Laser lado esquerdo: Sem buffer/cache para enviar do sensor #AB2021ESQ
10/05/2021 18:58:56 - Laser lado esquerdo: Porta COM4 aberta com sucesso!
10/05/2021 19:04:02 - Laser lado direito:  encerrado com sucesso
10/05/2021 19:04:03 - Laser lado esquerdo:  encerrado com sucesso
10/05/2021 19:06:23 - Laser lado direito:  iniciado
10/05/2021 19:06:23 - Laser lado direito: Sem buffer/cache para enviar do sensor #AB2021DIR
10/05/2021 19:06:23 - Laser lado direito: Porta COM3 aberta com sucesso!
10/05/2021 19:06:24 - Laser lado esquerdo:  iniciado
10/05/2021 19:06:24 - Laser lado esquerdo: Sem buffer/cache para enviar do sensor #AB2021ESQ
10/05/2021 19:06:24 - Laser lado esquerdo: Porta COM4 aberta com sucesso!
10/05/2021 19:08:13 - Laser lado esquerdo:  encerrado com sucesso
10/05/2021 19:08:16 - Laser lado direito:  encerrado com sucesso
10/05/2021 19:18:48 - Laser lado direito:  iniciado
10/05/2021 19:18:48 - Laser lado direito: Sem buffer/cache para enviar do sensor #AB2021DIR
10/05/2021 19:18:48 - Laser lado direito: Porta COM3 aberta com sucesso!
10/05/2021 19:18:49 - Laser lado esquerdo:  iniciado
10/05/2021 19:18:49 - Laser lado esquerdo: Sem buffer/cache para enviar do sensor #AB2021ESQ
10/05/2021 19:18:49 - Laser lado esquerdo: Porta COM4 aberta com sucesso!
10/05/2021 20:43:42 - Laser lado esquerdo:  encerrado com sucesso
10/05/2021 20:43:44 - Laser lado direito:  encerrado com sucesso
10/05/2021 20:44:27 - Laser lado direito:  iniciado
10/05/2021 20:44:27 - Laser lado direito: Sem buffer/cache para enviar do sensor #AB2021DIR
10/05/2021 20:44:27 - Laser lado direito: Porta COM3 aberta com sucesso!
10/05/2021 20:44:28 - Laser lado esquerdo:  iniciado
10/05/2021 20:44:28 - Laser lado esquerdo: Sem buffer/cache para enviar do sensor #AB2021ESQ
10/05/2021 20:44:28 - Laser lado esquerdo: Porta COM4 aberta com sucesso!
10/05/2021 20:54:29 - Laser lado direito:  encerrado com sucesso
10/05/2021 20:54:30 - Laser lado esquerdo:  encerrado com sucesso
10/05/2021 20:55:24 - Laser lado direito:  iniciado
10/05/2021 20:55:24 - Laser lado direito: Sem buffer/cache para enviar do sensor #AB2021DIR
10/05/2021 20:55:24 - Laser lado direito: Porta COM3 aberta com sucesso!
10/05/2021 20:55:24 - Laser lado esquerdo:  iniciado
10/05/2021 20:55:24 - Laser lado esquerdo: Sem buffer/cache para enviar do sensor #AB2021ESQ
10/05/2021 20:55:24 - Laser lado esquerdo: Porta COM4 aberta com sucesso!
10/05/2021 20:58:14 - Laser lado esquerdo:  encerrado com sucesso
10/05/2021 20:58:16 - Laser lado direito:  encerrado com sucesso
12/05/2021 17:40:19 - Laser lado direito:  iniciado
12/05/2021 17:40:20 - Laser lado direito: Sem buffer/cache para enviar do sensor #AB2021DIR
12/05/2021 17:40:20 - Laser lado direito: Porta COM3 não encontrada!
12/05/2021 17:40:30 - Laser lado direito:  encerrado com sucesso
12/05/2021 17:40:52 - Laser lado direito:  iniciado
12/05/2021 17:40:52 - Laser lado direito: Sem buffer/cache para enviar do sensor #AB2021DIR
12/05/2021 17:40:52 - Laser lado direito: Porta COM5 aberta com sucesso!
12/05/2021 17:40:53 - Laser lado esquerdo:  iniciado
12/05/2021 17:40:53 - Laser lado esquerdo: Sem buffer/cache para enviar do sensor #AB2021ESQ
12/05/2021 17:40:53 - Laser lado esquerdo: Porta COM4 aberta com sucesso!
12/05/2021 17:41:12 - Laser lado direito:  encerrado com sucesso
12/05/2021 17:41:14 - Laser lado esquerdo:  encerrado com sucesso
12/05/2021 17:42:15 - Laser lado direito:  iniciado
12/05/2021 17:42:15 - Laser lado direito: Sem buffer/cache para enviar do sensor #AB2021DIR
12/05/2021 17:42:15 - Laser lado direito: Porta COM5 aberta com sucesso!
12/05/2021 17:42:15 - Laser lado direito: Sensor #AB2021DIR pausado sem berço de atracação
12/05/2021 17:42:16 - Laser lado esquerdo:  iniciado
12/05/2021 17:42:16 - Laser lado esquerdo: Sem buffer/cache para enviar do sensor #AB2021ESQ
12/05/2021 17:42:16 - Laser lado esquerdo: Porta COM4 aberta com sucesso!
12/05/2021 17:42:16 - Laser lado direito: Sensor #AB2021DIR pausado sem berço de atracação
12/05/2021 17:42:17 - Laser lado esquerdo: Sensor #AB2021ESQ pausado sem berço de atracação
12/05/2021 17:42:17 - Laser lado direito: Sensor #AB2021DIR pausado sem berço de atracação
12/05/2021 17:42:18 - Laser lado esquerdo: Sensor #AB2021ESQ pausado sem berço de atracação
12/05/2021 17:42:18 - Laser lado direito: Sensor #AB2021DIR pausado sem berço de atracação
12/05/2021 17:42:19 - Laser lado esquerdo: Sensor #AB2021ESQ pausado sem berço de atracação
12/05/2021 17:42:19 - Laser lado direito: Sensor #AB2021DIR pausado sem berço de atracação
12/05/2021 17:42:20 - Laser lado esquerdo: Sensor #AB2021ESQ pausado sem berço de atracação
12/05/2021 17:42:20 - Laser lado direito: Sensor #AB2021DIR pausado sem berço de atracação
12/05/2021 17:42:21 - Laser lado direito: Sensor #AB2021DIR pausado sem berço de atracação
12/05/2021 17:42:21 - Laser lado esquerdo: Sensor #AB2021ESQ pausado sem berço de atracação
12/05/2021 17:42:22 - Laser lado direito: Sensor #AB2021DIR pausado sem berço de atracação
12/05/2021 17:42:22 - Laser lado esquerdo: Sensor #AB2021ESQ pausado sem berço de atracação
12/05/2021 17:42:23 - Laser lado esquerdo: Sensor #AB2021ESQ pausado sem berço de atracação
12/05/2021 17:42:23 - Laser lado direito: Sensor #AB2021DIR pausado sem berço de atracação
12/05/2021 17:42:24 - Laser lado esquerdo: Sensor #AB2021ESQ pausado sem berço de atracação
12/05/2021 17:42:24 - Laser lado direito: Sensor #AB2021DIR pausado sem berço de atracação
12/05/2021 17:42:25 - Laser lado esquerdo: Sensor #AB2021ESQ pausado sem berço de atracação
12/05/2021 17:42:25 - Laser lado direito: Sensor #AB2021DIR pausado sem berço de atracação
12/05/2021 17:42:26 - Laser lado esquerdo: Sensor #AB2021ESQ pausado sem berço de atracação
12/05/2021 17:42:26 - Laser lado direito: Sensor #AB2021DIR pausado sem berço de atracação
12/05/2021 17:42:27 - Laser lado direito: Sensor #AB2021DIR pausado sem berço de atracação
12/05/2021 17:42:27 - Laser lado esquerdo: Sensor #AB2021ESQ pausado sem berço de atracação
12/05/2021 17:42:28 - Laser lado direito: Sensor #AB2021DIR pausado sem berço de atracação
12/05/2021 17:42:28 - Laser lado esquerdo: Sensor #AB2021ESQ pausado sem berço de atracação
12/05/2021 17:42:29 - Laser lado direito: Sensor #AB2021DIR pausado sem berço de atracação
12/05/2021 17:42:29 - Laser lado direito:  encerrado com sucesso
12/05/2021 17:42:29 - Laser lado esquerdo: Sensor #AB2021ESQ pausado sem berço de atracação
12/05/2021 17:42:30 - Laser lado esquerdo:  encerrado com sucesso
12/05/2021 17:43:59 - Laser lado direito:  iniciado
12/05/2021 17:43:59 - Laser lado direito: Sem buffer/cache para enviar do sensor #AB2021DIR
12/05/2021 17:43:59 - Laser lado direito: Porta COM5 aberta com sucesso!
12/05/2021 17:44:00 - Laser lado direito: Sensor #AB2021DIR pausado sem berço de atracação
12/05/2021 17:44:00 - Laser lado esquerdo:  iniciado
12/05/2021 17:44:00 - Laser lado esquerdo: Sem buffer/cache para enviar do sensor #AB2021ESQ
12/05/2021 17:44:00 - Laser lado esquerdo: Porta COM4 aberta com sucesso!
12/05/2021 17:44:00 - Laser lado esquerdo: Sensor #AB2021ESQ pausado sem berço de atracação
12/05/2021 17:44:01 - Laser lado direito: Sensor #AB2021DIR pausado sem berço de atracação
12/05/2021 17:44:01 - Laser lado esquerdo: Sensor #AB2021ESQ pausado sem berço de atracação
12/05/2021 17:44:02 - Laser lado direito: Sensor #AB2021DIR pausado sem berço de atracação
12/05/2021 17:44:02 - Laser lado esquerdo: Sensor #AB2021ESQ pausado sem berço de atracação
12/05/2021 17:44:03 - Laser lado direito: Sensor #AB2021DIR pausado sem berço de atracação
12/05/2021 17:44:03 - Laser lado esquerdo: Sensor #AB2021ESQ pausado sem berço de atracação
12/05/2021 17:44:04 - Laser lado direito: Sensor #AB2021DIR pausado sem berço de atracação
12/05/2021 17:44:04 - Laser lado esquerdo: Sensor #AB2021ESQ pausado sem berço de atracação
12/05/2021 17:44:05 - Laser lado esquerdo: Sensor #AB2021ESQ pausado sem berço de atracação
12/05/2021 17:44:05 - Laser lado direito: Sensor #AB2021DIR pausado sem berço de atracação
12/05/2021 17:44:06 - Laser lado esquerdo: Sensor #AB2021ESQ pausado sem berço de atracação
12/05/2021 17:44:06 - Laser lado direito: Sensor #AB2021DIR pausado sem berço de atracação
12/05/2021 17:44:07 - Laser lado esquerdo: Sensor #AB2021ESQ pausado sem berço de atracação
12/05/2021 17:44:07 - Laser lado direito: Sensor #AB2021DIR pausado sem berço de atracação
12/05/2021 17:44:08 - Laser lado esquerdo: Sensor #AB2021ESQ pausado sem berço de atracação
12/05/2021 17:44:08 - Laser lado direito: Sensor #AB2021DIR pausado sem berço de atracação
12/05/2021 17:44:09 - Laser lado esquerdo: Sensor #AB2021ESQ pausado sem berço de atracação
12/05/2021 17:44:09 - Laser lado direito: Sensor #AB2021DIR pausado sem berço de atracação
12/05/2021 17:44:10 - Laser lado esquerdo: Sensor #AB2021ESQ pausado sem berço de atracação
12/05/2021 17:44:10 - Laser lado direito: Sensor #AB2021DIR pausado sem berço de atracação
12/05/2021 17:44:11 - Laser lado esquerdo: Sensor #AB2021ESQ pausado sem berço de atracação
12/05/2021 17:44:11 - Laser lado direito: Sensor #AB2021DIR pausado sem berço de atracação
12/05/2021 17:44:12 - Laser lado esquerdo: Sensor #AB2021ESQ pausado sem berço de atracação
12/05/2021 17:44:12 - Laser lado direito: Sensor #AB2021DIR pausado sem berço de atracação
12/05/2021 17:44:13 - Laser lado esquerdo: Sensor #AB2021ESQ pausado sem berço de atracação
12/05/2021 17:44:13 - Laser lado direito: Sensor #AB2021DIR pausado sem berço de atracação
12/05/2021 17:44:14 - Laser lado esquerdo: Sensor #AB2021ESQ pausado sem berço de atracação
12/05/2021 17:44:14 - Laser lado direito: Sensor #AB2021DIR pausado sem berço de atracação
12/05/2021 17:44:15 - Laser lado direito: Sensor #AB2021DIR pausado sem berço de atracação
12/05/2021 17:44:15 - Laser lado esquerdo: Sensor #AB2021ESQ pausado sem berço de atracação
12/05/2021 17:44:16 - Laser lado direito: Sensor #AB2021DIR pausado sem berço de atracação
12/05/2021 17:44:16 - Laser lado esquerdo: Sensor #AB2021ESQ pausado sem berço de atracação
12/05/2021 17:44:17 - Laser lado direito: Sensor #AB2021DIR pausado sem berço de atracação
12/05/2021 17:44:17 - Laser lado esquerdo: Sensor #AB2021ESQ pausado sem berço de atracação
12/05/2021 17:44:18 - Laser lado direito: Sensor #AB2021DIR pausado sem berço de atracação
12/05/2021 17:44:18 - Laser lado esquerdo: Sensor #AB2021ESQ pausado sem berço de atracação
12/05/2021 17:44:19 - Laser lado direito: Sensor #AB2021DIR pausado sem berço de atracação
12/05/2021 17:44:19 - Laser lado esquerdo: Sensor #AB2021ESQ pausado sem berço de atracação
12/05/2021 17:44:20 - Laser lado direito: Sensor #AB2021DIR pausado sem berço de atracação
12/05/2021 17:44:20 - Laser lado esquerdo: Sensor #AB2021ESQ pausado sem berço de atracação
12/05/2021 17:44:21 - Laser lado direito: Sensor #AB2021DIR pausado sem berço de atracação
12/05/2021 17:44:21 - Laser lado esquerdo: Sensor #AB2021ESQ pausado sem berço de atracação
12/05/2021 17:44:22 - Laser lado direito: Sensor #AB2021DIR pausado sem berço de atracação
12/05/2021 17:44:22 - Laser lado esquerdo: Sensor #AB2021ESQ pausado sem berço de atracação
12/05/2021 17:44:23 - Laser lado direito: Sensor #AB2021DIR pausado sem berço de atracação
12/05/2021 17:44:23 - Laser lado esquerdo: Sensor #AB2021ESQ pausado sem berço de atracação
12/05/2021 17:44:24 - Laser lado direito: Sensor #AB2021DIR pausado sem berço de atracação
12/05/2021 17:44:24 - Laser lado esquerdo: Sensor #AB2021ESQ pausado sem berço de atracação
12/05/2021 17:44:25 - Laser lado direito: Sensor #AB2021DIR pausado sem berço de atracação
12/05/2021 17:44:25 - Laser lado esquerdo: Sensor #AB2021ESQ pausado sem berço de atracação
12/05/2021 17:44:26 - Laser lado direito: Sensor #AB2021DIR pausado sem berço de atracação
12/05/2021 17:44:26 - Laser lado esquerdo: Sensor #AB2021ESQ pausado sem berço de atracação
12/05/2021 17:44:27 - Laser lado direito: Sensor #AB2021DIR pausado sem berço de atracação
12/05/2021 17:44:27 - Laser lado esquerdo: Sensor #AB2021ESQ pausado sem berço de atracação
12/05/2021 17:44:28 - Laser lado direito: Sensor #AB2021DIR pausado sem berço de atracação
12/05/2021 17:44:28 - Laser lado esquerdo: Sensor #AB2021ESQ pausado sem berço de atracação
12/05/2021 17:44:29 - Laser lado direito: Sensor #AB2021DIR pausado sem berço de atracação
12/05/2021 17:44:29 - Laser lado esquerdo: Sensor #AB2021ESQ pausado sem berço de atracação
12/05/2021 17:44:30 - Laser lado direito: Sensor #AB2021DIR pausado sem berço de atracação
12/05/2021 17:44:30 - Laser lado esquerdo: Sensor #AB2021ESQ pausado sem berço de atracação
12/05/2021 17:44:31 - Laser lado esquerdo: Sensor #AB2021ESQ pausado sem berço de atracação
12/05/2021 17:49:59 - Laser lado esquerdo: Sensor #AB2021ESQ pausado sem berço de atracação
12/05/2021 17:50:00 - Laser lado esquerdo: Sensor #AB2021ESQ pausado sem berço de atracação
12/05/2021 17:50:01 - Laser lado esquerdo: Sensor #AB2021ESQ pausado sem berço de atracação
12/05/2021 17:50:02 - Laser lado esquerdo: Sensor #AB2021ESQ pausado sem berço de atracação
12/05/2021 17:50:03 - Laser lado esquerdo: Sensor #AB2021ESQ pausado sem berço de atracação
12/05/2021 17:50:04 - Laser lado esquerdo: Sensor #AB2021ESQ pausado sem berço de atracação
12/05/2021 17:50:05 - Laser lado direito: Sensor #AB2021DIR pausado sem berço de atracação
12/05/2021 17:50:05 - Laser lado esquerdo: Sensor #AB2021ESQ pausado sem berço de atracação
12/05/2021 17:50:06 - Laser lado direito: Sensor #AB2021DIR pausado sem berço de atracação
12/05/2021 17:50:06 - Laser lado esquerdo: Sensor #AB2021ESQ pausado sem berço de atracação
12/05/2021 17:50:07 - Laser lado direito: Sensor #AB2021DIR pausado sem berço de atracação
12/05/2021 17:50:07 - Laser lado esquerdo: Sensor #AB2021ESQ pausado sem berço de atracação
12/05/2021 17:50:08 - Laser lado direito: Sensor #AB2021DIR pausado sem berço de atracação
12/05/2021 17:50:08 - Laser lado esquerdo: Sensor #AB2021ESQ pausado sem berço de atracação
12/05/2021 17:50:09 - Laser lado direito: Sensor #AB2021DIR pausado sem berço de atracação
12/05/2021 17:50:09 - Laser lado esquerdo: Sensor #AB2021ESQ pausado sem berço de atracação
12/05/2021 17:50:10 - Laser lado direito: Sensor #AB2021DIR pausado sem berço de atracação
12/05/2021 17:50:10 - Laser lado esquerdo: Sensor #AB2021ESQ pausado sem berço de atracação
12/05/2021 17:50:11 - Laser lado esquerdo: Sensor #AB2021ESQ pausado sem berço de atracação
12/05/2021 17:50:11 - Laser lado direito: Sensor #AB2021DIR pausado sem berço de atracação
12/05/2021 17:50:12 - Laser lado esquerdo: Sensor #AB2021ESQ pausado sem berço de atracação
12/05/2021 17:50:12 - Laser lado direito: Sensor #AB2021DIR pausado sem berço de atracação
12/05/2021 17:50:13 - Laser lado esquerdo: Sensor #AB2021ESQ pausado sem berço de atracação
12/05/2021 17:50:13 - Laser lado direito: Sensor #AB2021DIR pausado sem berço de atracação
12/05/2021 17:50:14 - Laser lado esquerdo: Sensor #AB2021ESQ pausado sem berço de atracação
12/05/2021 17:50:14 - Laser lado direito: Sensor #AB2021DIR pausado sem berço de atracação
12/05/2021 17:50:15 - Laser lado esquerdo: Sensor #AB2021ESQ pausado sem berço de atracação
12/05/2021 17:50:15 - Laser lado direito: Sensor #AB2021DIR pausado sem berço de atracação
12/05/2021 17:50:16 - Laser lado esquerdo: Sensor #AB2021ESQ pausado sem berço de atracação
12/05/2021 17:50:16 - Laser lado direito: Sensor #AB2021DIR pausado sem berço de atracação
12/05/2021 17:50:17 - Laser lado esquerdo: Sensor #AB2021ESQ pausado sem berço de atracação
12/05/2021 17:50:17 - Laser lado direito: Sensor #AB2021DIR pausado sem berço de atracação
12/05/2021 17:50:18 - Laser lado esquerdo: Sensor #AB2021ESQ pausado sem berço de atracação
12/05/2021 17:50:18 - Laser lado direito: Sensor #AB2021DIR pausado sem berço de atracação
12/05/2021 17:50:19 - Laser lado esquerdo: Sensor #AB2021ESQ pausado sem berço de atracação
12/05/2021 17:50:19 - Laser lado direito: Sensor #AB2021DIR pausado sem berço de atracação
12/05/2021 17:50:20 - Laser lado esquerdo: Sensor #AB2021ESQ pausado sem berço de atracação
12/05/2021 17:50:20 - Laser lado direito: Sensor #AB2021DIR pausado sem berço de atracação
12/05/2021 17:50:21 - Laser lado direito: Sensor #AB2021DIR pausado sem berço de atracação
12/05/2021 17:50:21 - Laser lado esquerdo: Sensor #AB2021ESQ pausado sem berço de atracação
12/05/2021 17:50:22 - Laser lado direito: Sensor #AB2021DIR pausado sem berço de atracação
12/05/2021 17:50:22 - Laser lado esquerdo: Sensor #AB2021ESQ pausado sem berço de atracação
12/05/2021 17:50:23 - Laser lado direito: Sensor #AB2021DIR pausado sem berço de atracação
12/05/2021 17:50:23 - Laser lado esquerdo: Sensor #AB2021ESQ pausado sem berço de atracação
12/05/2021 17:50:24 - Laser lado direito: Sensor #AB2021DIR pausado sem berço de atracação
12/05/2021 17:50:24 - Laser lado esquerdo: Sensor #AB2021ESQ pausado sem berço de atracação
12/05/2021 17:50:25 - Laser lado direito: Sensor #AB2021DIR pausado sem berço de atracação
12/05/2021 17:50:25 - Laser lado esquerdo: Sensor #AB2021ESQ pausado sem berço de atracação
12/05/2021 17:50:26 - Laser lado direito: Sensor #AB2021DIR pausado sem berço de atracação
12/05/2021 17:50:26 - Laser lado esquerdo: Sensor #AB2021ESQ pausado sem berço de atracação
12/05/2021 17:50:27 - Laser lado esquerdo: Sensor #AB2021ESQ pausado sem berço de atracação
12/05/2021 17:50:27 - Laser lado direito: Sensor #AB2021DIR pausado sem berço de atracação
12/05/2021 17:50:28 - Laser lado esquerdo: Sensor #AB2021ESQ pausado sem berço de atracação
12/05/2021 17:50:28 - Laser lado direito: Sensor #AB2021DIR pausado sem berço de atracação
12/05/2021 17:50:29 - Laser lado esquerdo: Sensor #AB2021ESQ pausado sem berço de atracação
12/05/2021 17:50:29 - Laser lado direito: Sensor #AB2021DIR pausado sem berço de atracação
12/05/2021 17:50:30 - Laser lado esquerdo: Sensor #AB2021ESQ pausado sem berço de atracação
12/05/2021 17:50:30 - Laser lado direito: Sensor #AB2021DIR pausado sem berço de atracação
12/05/2021 17:50:31 - Laser lado esquerdo: Sensor #AB2021ESQ pausado sem berço de atracação
12/05/2021 17:50:31 - Laser lado direito: Sensor #AB2021DIR pausado sem berço de atracação
12/05/2021 17:50:32 - Laser lado esquerdo: Sensor #AB2021ESQ pausado sem berço de atracação
12/05/2021 17:50:32 - Laser lado direito: Sensor #AB2021DIR pausado sem berço de atracação
12/05/2021 17:50:33 - Laser lado esquerdo: Sensor #AB2021ESQ pausado sem berço de atracação
12/05/2021 17:50:33 - Laser lado direito: Sensor #AB2021DIR pausado sem berço de atracação
12/05/2021 17:50:34 - Laser lado esquerdo: Sensor #AB2021ESQ pausado sem berço de atracação
12/05/2021 17:50:34 - Laser lado direito: Sensor #AB2021DIR pausado sem berço de atracação
12/05/2021 17:50:35 - Laser lado esquerdo: Sensor #AB2021ESQ pausado sem berço de atracação
12/05/2021 17:50:35 - Laser lado direito: Sensor #AB2021DIR pausado sem berço de atracação
12/05/2021 17:50:36 - Laser lado esquerdo: Sensor #AB2021ESQ pausado sem berço de atracação
12/05/2021 17:50:36 - Laser lado direito: Sensor #AB2021DIR pausado sem berço de atracação
12/05/2021 17:50:37 - Laser lado esquerdo: Sensor #AB2021ESQ pausado sem berço de atracação
12/05/2021 17:50:37 - Laser lado direito: Sensor #AB2021DIR pausado sem berço de atracação
12/05/2021 17:50:38 - Laser lado direito: Sensor #AB2021DIR pausado sem berço de atracação
12/05/2021 17:50:38 - Laser lado esquerdo: Sensor #AB2021ESQ pausado sem berço de atracação
12/05/2021 17:50:39 - Laser lado direito: Sensor #AB2021DIR pausado sem berço de atracação
12/05/2021 17:50:39 - Laser lado esquerdo: Sensor #AB2021ESQ pausado sem berço de atracação
12/05/2021 17:50:40 - Laser lado direito: Sensor #AB2021DIR pausado sem berço de atracação
12/05/2021 17:50:40 - Laser lado esquerdo: Sensor #AB2021ESQ pausado sem berço de atracação
12/05/2021 17:50:41 - Laser lado direito: Sensor #AB2021DIR pausado sem berço de atracação
12/05/2021 17:50:41 - Laser lado esquerdo: Sensor #AB2021ESQ pausado sem berço de atracação
12/05/2021 17:50:42 - Laser lado esquerdo: Sensor #AB2021ESQ pausado sem berço de atracação
12/05/2021 17:50:42 - Laser lado direito: Sensor #AB2021DIR pausado sem berço de atracação
12/05/2021 17:50:43 - Laser lado esquerdo: Sensor #AB2021ESQ pausado sem berço de atracação
12/05/2021 17:50:43 - Laser lado direito: Sensor #AB2021DIR pausado sem berço de atracação
12/05/2021 17:50:44 - Laser lado esquerdo: Sensor #AB2021ESQ pausado sem berço de atracação
12/05/2021 17:50:44 - Laser lado direito: Sensor #AB2021DIR pausado sem berço de atracação
12/05/2021 17:50:45 - Laser lado esquerdo: Sensor #AB2021ESQ pausado sem berço de atracação
12/05/2021 17:50:45 - Laser lado direito: Sensor #AB2021DIR pausado sem berço de atracação
12/05/2021 17:50:46 - Laser lado esquerdo: Sensor #AB2021ESQ pausado sem berço de atracação
12/05/2021 17:50:46 - Laser lado direito: Sensor #AB2021DIR pausado sem berço de atracação
12/05/2021 17:50:47 - Laser lado esquerdo: Sensor #AB2021ESQ pausado sem berço de atracação
12/05/2021 17:50:47 - Laser lado direito: Sensor #AB2021DIR pausado sem berço de atracação
12/05/2021 17:50:48 - Laser lado esquerdo: Sensor #AB2021ESQ pausado sem berço de atracação
12/05/2021 17:50:48 - Laser lado direito: Sensor #AB2021DIR pausado sem berço de atracação
12/05/2021 17:50:49 - Laser lado esquerdo: Sensor #AB2021ESQ pausado sem berço de atracação
12/05/2021 17:50:49 - Laser lado direito: Sensor #AB2021DIR pausado sem berço de atracação
12/05/2021 17:50:50 - Laser lado esquerdo: Sensor #AB2021ESQ pausado sem berço de atracação
12/05/2021 17:50:50 - Laser lado direito: Sensor #AB2021DIR pausado sem berço de atracação
12/05/2021 17:50:51 - Laser lado esquerdo: Sensor #AB2021ESQ pausado sem berço de atracação
12/05/2021 17:50:51 - Laser lado direito: Sensor #AB2021DIR pausado sem berço de atracação
12/05/2021 17:50:52 - Laser lado esquerdo: Sensor #AB2021ESQ pausado sem berço de atracação
12/05/2021 17:50:52 - Laser lado direito: Sensor #AB2021DIR pausado sem berço de atracação
12/05/2021 17:50:53 - Laser lado esquerdo: Sensor #AB2021ESQ pausado sem berço de atracação
12/05/2021 17:50:53 - Laser lado direito: Sensor #AB2021DIR pausado sem berço de atracação
12/05/2021 17:50:54 - Laser lado esquerdo: Sensor #AB2021ESQ pausado sem berço de atracação
12/05/2021 17:50:54 - Laser lado direito: Sensor #AB2021DIR pausado sem berço de atracação
12/05/2021 17:50:55 - Laser lado direito: Sensor #AB2021DIR pausado sem berço de atracação
12/05/2021 17:50:55 - Laser lado esquerdo: Sensor #AB2021ESQ pausado sem berço de atracação
12/05/2021 17:50:56 - Laser lado direito: Sensor #AB2021DIR pausado sem berço de atracação
12/05/2021 17:50:56 - Laser lado esquerdo: Sensor #AB2021ESQ pausado sem berço de atracação
12/05/2021 17:50:57 - Laser lado esquerdo: Sensor #AB2021ESQ pausado sem berço de atracação
12/05/2021 17:50:57 - Laser lado direito: Sensor #AB2021DIR pausado sem berço de atracação
12/05/2021 17:50:58 - Laser lado esquerdo: Sensor #AB2021ESQ pausado sem berço de atracação
12/05/2021 17:50:58 - Laser lado direito: Sensor #AB2021DIR pausado sem berço de atracação
12/05/2021 17:50:59 - Laser lado esquerdo: Sensor #AB2021ESQ pausado sem berço de atracação
12/05/2021 17:50:59 - Laser lado direito: Sensor #AB2021DIR pausado sem berço de atracação
12/05/2021 17:51:00 - Laser lado esquerdo: Sensor #AB2021ESQ pausado sem berço de atracação
12/05/2021 17:51:00 - Laser lado direito: Sensor #AB2021DIR pausado sem berço de atracação
12/05/2021 17:51:01 - Laser lado esquerdo: Sensor #AB2021ESQ pausado sem berço de atracação
12/05/2021 17:51:01 - Laser lado direito: Sensor #AB2021DIR pausado sem berço de atracação
12/05/2021 17:51:02 - Laser lado esquerdo: Sensor #AB2021ESQ pausado sem berço de atracação
12/05/2021 17:51:02 - Laser lado direito: Sensor #AB2021DIR pausado sem berço de atracação
12/05/2021 17:51:03 - Laser lado esquerdo: Sensor #AB2021ESQ pausado sem berço de atracação
12/05/2021 17:51:03 - Laser lado direito: Sensor #AB2021DIR pausado sem berço de atracação
12/05/2021 17:51:04 - Laser lado esquerdo: Sensor #AB2021ESQ pausado sem berço de atracação
12/05/2021 17:51:04 - Laser lado direito: Sensor #AB2021DIR pausado sem berço de atracação
12/05/2021 17:51:05 - Laser lado esquerdo: Sensor #AB2021ESQ pausado sem berço de atracação
12/05/2021 17:51:05 - Laser lado direito: Sensor #AB2021DIR pausado sem berço de atracação
12/05/2021 17:51:06 - Laser lado esquerdo: Sensor #AB2021ESQ pausado sem berço de atracação
12/05/2021 17:51:06 - Laser lado direito: Sensor #AB2021DIR pausado sem berço de atracação
12/05/2021 17:51:07 - Laser lado esquerdo: Sensor #AB2021ESQ pausado sem berço de atracação
12/05/2021 17:51:07 - Laser lado direito: Sensor #AB2021DIR pausado sem berço de atracação
12/05/2021 17:51:08 - Laser lado esquerdo: Sensor #AB2021ESQ pausado sem berço de atracação
12/05/2021 17:51:08 - Laser lado direito: Sensor #AB2021DIR pausado sem berço de atracação
12/05/2021 17:51:09 - Laser lado esquerdo: Sensor #AB2021ESQ pausado sem berço de atracação
12/05/2021 17:51:09 - Laser lado direito: Sensor #AB2021DIR pausado sem berço de atracação
12/05/2021 17:51:10 - Laser lado esquerdo: Sensor #AB2021ESQ pausado sem berço de atracação
12/05/2021 17:51:10 - Laser lado direito: Sensor #AB2021DIR pausado sem berço de atracação
12/05/2021 17:51:11 - Laser lado esquerdo: Sensor #AB2021ESQ pausado sem berço de atracação
12/05/2021 17:51:11 - Laser lado direito: Sensor #AB2021DIR pausado sem berço de atracação
12/05/2021 17:51:12 - Laser lado direito: Sensor #AB2021DIR pausado sem berço de atracação
12/05/2021 17:51:12 - Laser lado esquerdo: Sensor #AB2021ESQ pausado sem berço de atracação
12/05/2021 17:51:13 - Laser lado direito: Sensor #AB2021DIR pausado sem berço de atracação
12/05/2021 17:51:13 - Laser lado esquerdo: Sensor #AB2021ESQ pausado sem berço de atracação
12/05/2021 17:51:14 - Laser lado direito: Sensor #AB2021DIR pausado sem berço de atracação
12/05/2021 17:51:14 - Laser lado esquerdo: Sensor #AB2021ESQ pausado sem berço de atracação
12/05/2021 17:51:15 - Laser lado direito: Sensor #AB2021DIR pausado sem berço de atracação
12/05/2021 17:51:15 - Laser lado esquerdo: Sensor #AB2021ESQ pausado sem berço de atracação
12/05/2021 17:51:16 - Laser lado direito: Sensor #AB2021DIR pausado sem berço de atracação
12/05/2021 17:51:16 - Laser lado esquerdo: Sensor #AB2021ESQ pausado sem berço de atracação
12/05/2021 17:51:17 - Laser lado direito: Sensor #AB2021DIR pausado sem berço de atracação
12/05/2021 17:51:17 - Laser lado esquerdo: Sensor #AB2021ESQ pausado sem berço de atracação
12/05/2021 17:51:18 - Laser lado direito: Sensor #AB2021DIR pausado sem berço de atracação
12/05/2021 17:51:18 - Laser lado esquerdo: Sensor #AB2021ESQ pausado sem berço de atracação
12/05/2021 17:51:19 - Laser lado direito: Sensor #AB2021DIR pausado sem berço de atracação
12/05/2021 17:51:19 - Laser lado esquerdo: Sensor #AB2021ESQ pausado sem berço de atracação
12/05/2021 17:51:20 - Laser lado direito: Sensor #AB2021DIR pausado sem berço de atracação
12/05/2021 17:51:20 - Laser lado esquerdo: Sensor #AB2021ESQ pausado sem berço de atracação
12/05/2021 17:51:21 - Laser lado direito: Sensor #AB2021DIR pausado sem berço de atracação
12/05/2021 17:51:21 - Laser lado esquerdo: Sensor #AB2021ESQ pausado sem berço de atracação
12/05/2021 17:51:22 - Laser lado direito: Sensor #AB2021DIR pausado sem berço de atracação
12/05/2021 17:51:22 - Laser lado esquerdo: Sensor #AB2021ESQ pausado sem berço de atracação
12/05/2021 17:51:23 - Laser lado esquerdo: Sensor #AB2021ESQ pausado sem berço de atracação
12/05/2021 17:51:23 - Laser lado direito: Sensor #AB2021DIR pausado sem berço de atracação
12/05/2021 17:51:24 - Laser lado direito: Sensor #AB2021DIR pausado sem berço de atracação
12/05/2021 17:51:24 - Laser lado esquerdo: Sensor #AB2021ESQ pausado sem berço de atracação
12/05/2021 17:51:25 - Laser lado direito: Sensor #AB2021DIR pausado sem berço de atracação
12/05/2021 17:51:25 - Laser lado esquerdo: Sensor #AB2021ESQ pausado sem berço de atracação
12/05/2021 17:51:26 - Laser lado direito: Sensor #AB2021DIR pausado sem berço de atracação
12/05/2021 17:51:26 - Laser lado esquerdo: Sensor #AB2021ESQ pausado sem berço de atracação
12/05/2021 17:51:27 - Laser lado esquerdo: Sensor #AB2021ESQ pausado sem berço de atracação
12/05/2021 17:51:27 - Laser lado direito: Sensor #AB2021DIR pausado sem berço de atracação
12/05/2021 17:51:28 - Laser lado esquerdo: Sensor #AB2021ESQ pausado sem berço de atracação
12/05/2021 17:51:28 - Laser lado direito: Sensor #AB2021DIR pausado sem berço de atracação
12/05/2021 17:51:29 - Laser lado direito: Sensor #AB2021DIR pausado sem berço de atracação
12/05/2021 17:51:29 - Laser lado esquerdo: Sensor #AB2021ESQ pausado sem berço de atracação
12/05/2021 17:51:30 - Laser lado direito: Sensor #AB2021DIR pausado sem berço de atracação
12/05/2021 17:51:30 - Laser lado esquerdo: Sensor #AB2021ESQ pausado sem berço de atracação
12/05/2021 17:51:31 - Laser lado direito: Sensor #AB2021DIR pausado sem berço de atracação
12/05/2021 17:51:31 - Laser lado esquerdo: Sensor #AB2021ESQ pausado sem berço de atracação
12/05/2021 17:51:32 - Laser lado direito: Sensor #AB2021DIR pausado sem berço de atracação
12/05/2021 17:51:32 - Laser lado esquerdo: Sensor #AB2021ESQ pausado sem berço de atracação
12/05/2021 17:51:33 - Laser lado direito: Sensor #AB2021DIR pausado sem berço de atracação
12/05/2021 17:51:33 - Laser lado esquerdo: Sensor #AB2021ESQ pausado sem berço de atracação
12/05/2021 17:51:34 - Laser lado direito: Sensor #AB2021DIR pausado sem berço de atracação
12/05/2021 17:51:34 - Laser lado esquerdo: Sensor #AB2021ESQ pausado sem berço de atracação
12/05/2021 17:51:35 - Laser lado direito: Sensor #AB2021DIR pausado sem berço de atracação
12/05/2021 17:51:35 - Laser lado esquerdo: Sensor #AB2021ESQ pausado sem berço de atracação
12/05/2021 17:51:36 - Laser lado direito: Sensor #AB2021DIR pausado sem berço de atracação
12/05/2021 17:51:36 - Laser lado esquerdo: Sensor #AB2021ESQ pausado sem berço de atracação
12/05/2021 17:51:37 - Laser lado direito: Sensor #AB2021DIR pausado sem berço de atracação
12/05/2021 17:51:37 - Laser lado esquerdo: Sensor #AB2021ESQ pausado sem berço de atracação
12/05/2021 17:51:38 - Laser lado direito: Sensor #AB2021DIR pausado sem berço de atracação
12/05/2021 17:51:38 - Laser lado esquerdo: Sensor #AB2021ESQ pausado sem berço de atracação
12/05/2021 17:51:39 - Laser lado direito: Sensor #AB2021DIR pausado sem berço de atracação
12/05/2021 17:51:39 - Laser lado esquerdo: Sensor #AB2021ESQ pausado sem berço de atracação
12/05/2021 17:51:40 - Laser lado direito: Sensor #AB2021DIR pausado sem berço de atracação
12/05/2021 17:51:40 - Laser lado esquerdo: Sensor #AB2021ESQ pausado sem berço de atracação
12/05/2021 17:51:41 - Laser lado direito: Sensor #AB2021DIR pausado sem berço de atracação
12/05/2021 17:51:41 - Laser lado esquerdo: Sensor #AB2021ESQ pausado sem berço de atracação
12/05/2021 17:51:42 - Laser lado direito: Sensor #AB2021DIR pausado sem berço de atracação
12/05/2021 17:51:42 - Laser lado esquerdo: Sensor #AB2021ESQ pausado sem berço de atracação
12/05/2021 17:51:43 - Laser lado esquerdo: Sensor #AB2021ESQ pausado sem berço de atracação
12/05/2021 17:51:43 - Laser lado direito: Sensor #AB2021DIR pausado sem berço de atracação
12/05/2021 17:51:44 - Laser lado esquerdo: Sensor #AB2021ESQ pausado sem berço de atracação
12/05/2021 17:51:44 - Laser lado direito: Sensor #AB2021DIR pausado sem berço de atracação
12/05/2021 17:51:45 - Laser lado esquerdo: Sensor #AB2021ESQ pausado sem berço de atracação
12/05/2021 17:51:45 - Laser lado direito: Sensor #AB2021DIR pausado sem berço de atracação
12/05/2021 17:51:46 - Laser lado direito: Sensor #AB2021DIR pausado sem berço de atracação
12/05/2021 17:51:46 - Laser lado esquerdo: Sensor #AB2021ESQ pausado sem berço de atracação
12/05/2021 17:51:47 - Laser lado direito: Sensor #AB2021DIR pausado sem berço de atracação
12/05/2021 17:51:47 - Laser lado esquerdo: Sensor #AB2021ESQ pausado sem berço de atracação
12/05/2021 17:51:48 - Laser lado direito: Sensor #AB2021DIR pausado sem berço de atracação
12/05/2021 17:51:48 - Laser lado esquerdo: Sensor #AB2021ESQ pausado sem berço de atracação
12/05/2021 17:51:49 - Laser lado direito: Sensor #AB2021DIR pausado sem berço de atracação
12/05/2021 17:51:49 - Laser lado esquerdo: Sensor #AB2021ESQ pausado sem berço de atracação
12/05/2021 17:51:50 - Laser lado direito: Sensor #AB2021DIR pausado sem berço de atracação
12/05/2021 17:51:50 - Laser lado esquerdo: Sensor #AB2021ESQ pausado sem berço de atracação
12/05/2021 17:51:51 - Laser lado direito: Sensor #AB2021DIR pausado sem berço de atracação
12/05/2021 17:51:51 - Laser lado esquerdo: Sensor #AB2021ESQ pausado sem berço de atracação
12/05/2021 17:51:52 - Laser lado direito: Sensor #AB2021DIR pausado sem berço de atracação
12/05/2021 17:51:52 - Laser lado esquerdo: Sensor #AB2021ESQ pausado sem berço de atracação
12/05/2021 17:51:53 - Laser lado direito: Sensor #AB2021DIR pausado sem berço de atracação
12/05/2021 17:51:53 - Laser lado esquerdo: Sensor #AB2021ESQ pausado sem berço de atracação
12/05/2021 17:51:54 - Laser lado direito: Sensor #AB2021DIR pausado sem berço de atracação
12/05/2021 17:51:55 - Laser lado direito: Sensor #AB2021DIR pausado sem berço de atracação
12/05/2021 17:51:56 - Laser lado direito: Sensor #AB2021DIR pausado sem berço de atracação
12/05/2021 17:51:57 - Laser lado direito: Sensor #AB2021DIR pausado sem berço de atracação
12/05/2021 17:51:58 - Laser lado direito: Sensor #AB2021DIR pausado sem berço de atracação
12/05/2021 17:53:54 - Laser lado direito: Sensor #AB2021DIR pausado sem berço de atracação
12/05/2021 17:53:55 - Laser lado direito: Sensor #AB2021DIR pausado sem berço de atracação
12/05/2021 17:53:56 - Laser lado direito: Sensor #AB2021DIR pausado sem berço de atracação
12/05/2021 17:53:57 - Laser lado direito: Sensor #AB2021DIR pausado sem berço de atracação
12/05/2021 17:53:58 - Laser lado direito: Sensor #AB2021DIR pausado sem berço de atracação
12/05/2021 17:53:59 - Laser lado direito: Sensor #AB2021DIR pausado sem berço de atracação
12/05/2021 17:54:00 - Laser lado esquerdo: Sensor #AB2021ESQ pausado sem berço de atracação
12/05/2021 17:54:00 - Laser lado direito: Sensor #AB2021DIR pausado sem berço de atracação
12/05/2021 17:54:01 - Laser lado esquerdo: Sensor #AB2021ESQ pausado sem berço de atracação
12/05/2021 17:54:01 - Laser lado direito: Sensor #AB2021DIR pausado sem berço de atracação
12/05/2021 17:54:02 - Laser lado esquerdo: Sensor #AB2021ESQ pausado sem berço de atracação
12/05/2021 17:54:02 - Laser lado direito: Sensor #AB2021DIR pausado sem berço de atracação
12/05/2021 17:54:03 - Laser lado esquerdo: Sensor #AB2021ESQ pausado sem berço de atracação
12/05/2021 17:54:03 - Laser lado direito: Sensor #AB2021DIR pausado sem berço de atracação
12/05/2021 17:54:04 - Laser lado direito: Sensor #AB2021DIR pausado sem berço de atracação
12/05/2021 17:54:04 - Laser lado esquerdo: Sensor #AB2021ESQ pausado sem berço de atracação
12/05/2021 17:54:05 - Laser lado direito: Sensor #AB2021DIR pausado sem berço de atracação
12/05/2021 17:54:05 - Laser lado esquerdo: Sensor #AB2021ESQ pausado sem berço de atracação
12/05/2021 17:54:06 - Laser lado direito: Sensor #AB2021DIR pausado sem berço de atracação
12/05/2021 17:54:06 - Laser lado esquerdo: Sensor #AB2021ESQ pausado sem berço de atracação
12/05/2021 17:54:07 - Laser lado direito: Sensor #AB2021DIR pausado sem berço de atracação
12/05/2021 17:54:07 - Laser lado direito:  encerrado com sucesso
12/05/2021 17:54:07 - Laser lado esquerdo: Sensor #AB2021ESQ pausado sem berço de atracação
12/05/2021 17:54:08 - Laser lado esquerdo: Sensor #AB2021ESQ pausado sem berço de atracação
12/05/2021 17:54:09 - Laser lado esquerdo:  encerrado com sucesso
12/05/2021 22:34:05 - Laser lado direito:  iniciado
12/05/2021 22:34:06 - Laser lado direito: Sem buffer/cache para enviar do sensor #AB2021DIR
12/05/2021 22:34:06 - Laser lado direito: Porta COM5 não encontrada!
12/05/2021 22:34:07 - Laser lado esquerdo:  iniciado
12/05/2021 22:34:07 - Laser lado esquerdo: Sem buffer/cache para enviar do sensor #AB2021ESQ
12/05/2021 22:34:07 - Laser lado esquerdo: Porta COM4 não encontrada!
12/05/2021 22:34:22 - Laser lado direito: Porta COM5 aberta com sucesso!
12/05/2021 22:34:23 - Laser lado direito: Sensor #AB2021DIR pausado sem berço de atracação
12/05/2021 22:34:23 - Laser lado direito: Sensor #AB2021DIR pausado sem berço de atracação
12/05/2021 22:34:24 - Laser lado esquerdo: Porta COM4 aberta com sucesso!
12/05/2021 22:34:24 - Laser lado direito: Sensor #AB2021DIR pausado sem berço de atracação
12/05/2021 22:34:25 - Laser lado esquerdo: Sensor #AB2021ESQ pausado sem berço de atracação
12/05/2021 22:34:25 - Laser lado direito: Sensor #AB2021DIR pausado sem berço de atracação
12/05/2021 22:34:25 - Laser lado esquerdo: Sensor #AB2021ESQ pausado sem berço de atracação
12/05/2021 22:34:26 - Laser lado direito: Sensor #AB2021DIR pausado sem berço de atracação
12/05/2021 22:34:26 - Laser lado esquerdo: Sensor #AB2021ESQ pausado sem berço de atracação
12/05/2021 22:34:27 - Laser lado direito: Sensor #AB2021DIR pausado sem berço de atracação
12/05/2021 22:34:27 - Laser lado esquerdo: Sensor #AB2021ESQ pausado sem berço de atracação
12/05/2021 22:34:28 - Laser lado direito: Sensor #AB2021DIR pausado sem berço de atracação
12/05/2021 22:34:28 - Laser lado esquerdo: Sensor #AB2021ESQ pausado sem berço de atracação
12/05/2021 22:34:29 - Laser lado direito: Sensor #AB2021DIR pausado sem berço de atracação
12/05/2021 22:34:29 - Laser lado esquerdo: Sensor #AB2021ESQ pausado sem berço de atracação
12/05/2021 22:34:30 - Laser lado direito: Sensor #AB2021DIR pausado sem berço de atracação
12/05/2021 22:34:30 - Laser lado esquerdo: Sensor #AB2021ESQ pausado sem berço de atracação
12/05/2021 22:34:31 - Laser lado direito: Sensor #AB2021DIR pausado sem berço de atracação
12/05/2021 22:34:31 - Laser lado esquerdo: Sensor #AB2021ESQ pausado sem berço de atracação
12/05/2021 22:34:32 - Laser lado direito: Sensor #AB2021DIR pausado sem berço de atracação
12/05/2021 22:34:32 - Laser lado esquerdo: Sensor #AB2021ESQ pausado sem berço de atracação
12/05/2021 22:34:33 - Laser lado direito: Sensor #AB2021DIR pausado sem berço de atracação
12/05/2021 22:34:33 - Laser lado esquerdo: Sensor #AB2021ESQ pausado sem berço de atracação
12/05/2021 22:34:34 - Laser lado direito: Sensor #AB2021DIR pausado sem berço de atracação
12/05/2021 22:34:34 - Laser lado esquerdo: Sensor #AB2021ESQ pausado sem berço de atracação
12/05/2021 22:34:35 - Laser lado direito: Sensor #AB2021DIR pausado sem berço de atracação
12/05/2021 22:34:35 - Laser lado esquerdo: Sensor #AB2021ESQ pausado sem berço de atracação
12/05/2021 22:34:36 - Laser lado direito: Sensor #AB2021DIR pausado sem berço de atracação
12/05/2021 22:34:36 - Laser lado esquerdo: Sensor #AB2021ESQ pausado sem berço de atracação
12/05/2021 22:34:37 - Laser lado esquerdo: Sensor #AB2021ESQ pausado sem berço de atracação
12/05/2021 22:34:37 - Laser lado direito: Sensor #AB2021DIR pausado sem berço de atracação
12/05/2021 22:34:38 - Laser lado esquerdo: Sensor #AB2021ESQ pausado sem berço de atracação
12/05/2021 22:34:38 - Laser lado direito: Sensor #AB2021DIR pausado sem berço de atracação
12/05/2021 22:34:39 - Laser lado esquerdo: Sensor #AB2021ESQ pausado sem berço de atracação
12/05/2021 22:34:39 - Laser lado direito: Sensor #AB2021DIR pausado sem berço de atracação
12/05/2021 22:34:40 - Laser lado esquerdo: Sensor #AB2021ESQ pausado sem berço de atracação
12/05/2021 22:34:40 - Laser lado direito: Sensor #AB2021DIR pausado sem berço de atracação
12/05/2021 22:34:41 - Laser lado esquerdo: Sensor #AB2021ESQ pausado sem berço de atracação
12/05/2021 22:34:41 - Laser lado direito: Sensor #AB2021DIR pausado sem berço de atracação
12/05/2021 22:34:42 - Laser lado esquerdo: Sensor #AB2021ESQ pausado sem berço de atracação
12/05/2021 22:34:42 - Laser lado direito: Sensor #AB2021DIR pausado sem berço de atracação
12/05/2021 22:34:43 - Laser lado esquerdo: Sensor #AB2021ESQ pausado sem berço de atracação
12/05/2021 22:34:43 - Laser lado direito: Sensor #AB2021DIR pausado sem berço de atracação
12/05/2021 22:34:44 - Laser lado direito: Sensor #AB2021DIR pausado sem berço de atracação
12/05/2021 22:34:44 - Laser lado esquerdo: Sensor #AB2021ESQ pausado sem berço de atracação
12/05/2021 22:34:45 - Laser lado direito: Sensor #AB2021DIR pausado sem berço de atracação
12/05/2021 22:34:46 - Laser lado direito: Sensor #AB2021DIR pausado sem berço de atracação
12/05/2021 22:34:47 - Laser lado direito: Sensor #AB2021DIR pausado sem berço de atracação
12/05/2021 22:34:48 - Laser lado direito: Sensor #AB2021DIR pausado sem berço de atracação
12/05/2021 22:34:49 - Laser lado direito: Sensor #AB2021DIR pausado sem berço de atracação
12/05/2021 22:34:50 - Laser lado direito: Sensor #AB2021DIR pausado sem berço de atracação
12/05/2021 22:34:51 - Laser lado direito: Sensor #AB2021DIR pausado sem berço de atracação
12/05/2021 22:34:52 - Laser lado direito: Sensor #AB2021DIR pausado sem berço de atracação
12/05/2021 22:34:53 - Laser lado direito: Sensor #AB2021DIR pausado sem berço de atracação
12/05/2021 22:48:36 - Laser lado direito:  encerrado com sucesso
12/05/2021 22:48:38 - Laser lado esquerdo:  encerrado com sucesso
12/05/2021 22:50:13 - Laser lado direito:  iniciado
12/05/2021 22:50:13 - Laser lado direito: Sem buffer/cache para enviar do sensor #AB2021DIR
12/05/2021 22:50:13 - Laser lado direito: Porta COM5 aberta com sucesso!
12/05/2021 22:50:14 - Laser lado esquerdo:  iniciado
12/05/2021 22:50:14 - Laser lado esquerdo: Sem buffer/cache para enviar do sensor #AB2021ESQ
12/05/2021 22:50:14 - Laser lado esquerdo: Porta COM4 aberta com sucesso!
12/05/2021 22:57:24 - Laser lado direito:  encerrado com sucesso
12/05/2021 22:57:26 - Laser lado esquerdo:  encerrado com sucesso
12/05/2021 23:00:56 - Laser lado direito:  iniciado
12/05/2021 23:00:56 - Laser lado direito: Sem buffer/cache para enviar do sensor #AB2021DIR
12/05/2021 23:00:56 - Laser lado direito: Porta COM5 aberta com sucesso!
12/05/2021 23:00:58 - Laser lado esquerdo:  iniciado
12/05/2021 23:00:58 - Laser lado esquerdo: Sem buffer/cache para enviar do sensor #AB2021ESQ
12/05/2021 23:00:58 - Laser lado esquerdo: Porta COM4 aberta com sucesso!
12/05/2021 23:04:08 - Laser lado esquerdo: Sensor #AB2021ESQ pausado sem berço de atracação
12/05/2021 23:04:09 - Laser lado direito: Sensor #AB2021DIR pausado sem berço de atracação
12/05/2021 23:04:09 - Laser lado esquerdo: Sensor #AB2021ESQ pausado sem berço de atracação
12/05/2021 23:04:10 - Laser lado direito: Sensor #AB2021DIR pausado sem berço de atracação
12/05/2021 23:04:10 - Laser lado esquerdo: Sensor #AB2021ESQ pausado sem berço de atracação
12/05/2021 23:04:11 - Laser lado esquerdo: Sensor #AB2021ESQ pausado sem berço de atracação
12/05/2021 23:04:11 - Laser lado direito: Sensor #AB2021DIR pausado sem berço de atracação
12/05/2021 23:04:12 - Laser lado esquerdo: Sensor #AB2021ESQ pausado sem berço de atracação
12/05/2021 23:04:12 - Laser lado direito:  encerrado com sucesso
12/05/2021 23:04:13 - Laser lado esquerdo: Sensor #AB2021ESQ pausado sem berço de atracação
12/05/2021 23:04:14 - Laser lado esquerdo:  encerrado com sucesso
12/05/2021 23:06:51 - Laser lado direito:  iniciado
12/05/2021 23:06:51 - Laser lado direito: Sem buffer/cache para enviar do sensor #AB2021DIR
12/05/2021 23:06:51 - Laser lado direito: Porta COM5 aberta com sucesso!
12/05/2021 23:06:52 - Laser lado esquerdo:  iniciado
12/05/2021 23:06:52 - Laser lado esquerdo: Sem buffer/cache para enviar do sensor #AB2021ESQ
12/05/2021 23:06:52 - Laser lado esquerdo: Porta COM4 aberta com sucesso!
12/05/2021 23:14:27 - Laser lado direito:  encerrado com sucesso
12/05/2021 23:14:29 - Laser lado esquerdo:  encerrado com sucesso
16/05/2021 23:09:02 - Laser lado direito:  iniciado
16/05/2021 23:09:03 - Laser lado direito: Sem buffer/cache para enviar do sensor #AB2021DIR
16/05/2021 23:09:03 - Laser lado direito: Porta COM5 não encontrada!
16/05/2021 23:09:04 - Laser lado esquerdo:  iniciado
16/05/2021 23:09:04 - Laser lado esquerdo: Sem buffer/cache para enviar do sensor #AB2021ESQ
16/05/2021 23:09:04 - Laser lado esquerdo: Porta COM4 não encontrada!
16/05/2021 23:09:05 - Laser lado esquerdo:  encerrado com sucesso
16/05/2021 23:09:16 - Laser lado direito:  encerrado com sucesso
17/05/2021 20:22:04 - Laser lado direito:  iniciado
17/05/2021 20:22:05 - Laser lado direito: Sem buffer/cache para enviar do sensor #AB2021DIR
17/05/2021 20:22:05 - Laser lado direito: Porta COM5 não encontrada!
17/05/2021 20:22:18 - Laser lado direito:  encerrado com sucesso
17/05/2021 20:25:00 - Laser lado direito:  iniciado
17/05/2021 20:25:00 - Laser lado direito: Sem buffer/cache para enviar do sensor #AB2021DIR
17/05/2021 20:25:00 - Laser lado direito: Porta COM5 não encontrada!
17/05/2021 20:29:45 - Laser lado direito:  iniciado
17/05/2021 20:29:46 - Laser lado direito: Sem buffer/cache para enviar do sensor #AB2021DIR
17/05/2021 20:29:46 - Laser lado direito: Porta COM5 não encontrada!
17/05/2021 20:30:12 - Laser lado esquerdo:  iniciado
17/05/2021 20:30:12 - Laser lado esquerdo: Sem buffer/cache para enviar do sensor #AB2021ESQ
17/05/2021 20:30:12 - Laser lado esquerdo: Porta COM4 não encontrada!
20/05/2021 23:29:59 - Laser lado direito:  iniciado
20/05/2021 23:30:00 - Laser lado direito: Sem buffer/cache para enviar do sensor #AB2021DIR
20/05/2021 23:30:00 - Laser lado direito: Porta COM5 não encontrada!
20/05/2021 23:36:19 - Laser lado esquerdo:  iniciado
20/05/2021 23:36:20 - Laser lado esquerdo: Sem buffer/cache para enviar do sensor #AB2021ESQ
20/05/2021 23:36:20 - Laser lado esquerdo: Porta COM4 não encontrada!
20/05/2021 23:36:34 - Laser lado esquerdo:  encerrado com sucesso
20/05/2021 23:42:03 - Laser lado esquerdo:  iniciado
20/05/2021 23:42:03 - Laser lado esquerdo: Sem buffer/cache para enviar do sensor #AB2021ESQ
20/05/2021 23:42:03 - Laser lado esquerdo: Porta COM4 não encontrada!
20/05/2021 23:43:47 - Laser lado direito: Porta COM5 aberta com sucesso!
20/05/2021 23:43:47 - Laser lado esquerdo: Porta COM4 aberta com sucesso!
20/05/2021 23:44:22 - Laser lado direito: Porta COM5 não encontrada!
20/05/2021 23:44:22 - Laser lado esquerdo: Porta COM4 não encontrada!
20/05/2021 23:47:32 - Laser lado direito:  encerrado com sucesso
20/05/2021 23:47:35 - Laser lado esquerdo:  encerrado com sucesso
